<?xml version="1.0" encoding="UTF-8"?>
<testsuite name="com.ceiba.parking.services.CalendarGuardTest" tests="2" skipped="0" failures="0" errors="0" timestamp="2018-02-09T02:49:52" hostname="MacBook-Air-de-usuario.local" time="0.006">
  <properties/>
  <testcase name="convertStringDateToDateFormat" classname="com.ceiba.parking.services.CalendarGuardTest" time="0.004"/>
  <testcase name="getActualDay" classname="com.ceiba.parking.services.CalendarGuardTest" time="0.002"/>
  <system-out><![CDATA[]]></system-out>
  <system-err><![CDATA[]]></system-err>
</testsuite>
