<?xml version="1.0" encoding="UTF-8"?>
<testsuite name="com.ceiba.parking.ParkingApplicationTests" tests="1" skipped="0" failures="0" errors="0" timestamp="2018-02-09T02:49:50" hostname="MacBook-Air-de-usuario.local" time="0.369">
  <properties/>
  <testcase name="contextLoads" classname="com.ceiba.parking.ParkingApplicationTests" time="0.369"/>
  <system-out><![CDATA[21:49:40.620 [Test worker] DEBUG org.springframework.test.context.junit4.SpringJUnit4ClassRunner - SpringJUnit4ClassRunner constructor called with [class com.ceiba.parking.ParkingApplicationTests]
21:49:40.654 [Test worker] DEBUG org.springframework.test.context.BootstrapUtils - Instantiating CacheAwareContextLoaderDelegate from class [org.springframework.test.context.cache.DefaultCacheAwareContextLoaderDelegate]
21:49:40.714 [Test worker] DEBUG org.springframework.test.context.BootstrapUtils - Instantiating BootstrapContext using constructor [public org.springframework.test.context.support.DefaultBootstrapContext(java.lang.Class,org.springframework.test.context.CacheAwareContextLoaderDelegate)]
21:49:40.802 [Test worker] DEBUG org.springframework.test.context.BootstrapUtils - Instantiating TestContextBootstrapper for test class [com.ceiba.parking.ParkingApplicationTests] from class [org.springframework.boot.test.context.SpringBootTestContextBootstrapper]
21:49:40.863 [Test worker] INFO org.springframework.boot.test.context.SpringBootTestContextBootstrapper - Neither @ContextConfiguration nor @ContextHierarchy found for test class [com.ceiba.parking.ParkingApplicationTests], using SpringBootContextLoader
21:49:40.878 [Test worker] DEBUG org.springframework.test.context.support.AbstractContextLoader - Did not detect default resource location for test class [com.ceiba.parking.ParkingApplicationTests]: class path resource [com/ceiba/parking/ParkingApplicationTests-context.xml] does not exist
21:49:40.880 [Test worker] DEBUG org.springframework.test.context.support.AbstractContextLoader - Did not detect default resource location for test class [com.ceiba.parking.ParkingApplicationTests]: class path resource [com/ceiba/parking/ParkingApplicationTestsContext.groovy] does not exist
21:49:40.881 [Test worker] INFO org.springframework.test.context.support.AbstractContextLoader - Could not detect default resource locations for test class [com.ceiba.parking.ParkingApplicationTests]: no resource found for suffixes {-context.xml, Context.groovy}.
21:49:40.889 [Test worker] INFO org.springframework.test.context.support.AnnotationConfigContextLoaderUtils - Could not detect default configuration classes for test class [com.ceiba.parking.ParkingApplicationTests]: ParkingApplicationTests does not declare any static, non-private, non-final, nested classes annotated with @Configuration.
21:49:41.039 [Test worker] DEBUG org.springframework.test.context.support.ActiveProfilesUtils - Could not find an 'annotation declaring class' for annotation type [org.springframework.test.context.ActiveProfiles] and class [com.ceiba.parking.ParkingApplicationTests]
21:49:41.069 [Test worker] DEBUG org.springframework.core.env.StandardEnvironment - Adding PropertySource 'systemProperties' with lowest search precedence
21:49:41.070 [Test worker] DEBUG org.springframework.core.env.StandardEnvironment - Adding PropertySource 'systemEnvironment' with lowest search precedence
21:49:41.072 [Test worker] DEBUG org.springframework.core.env.StandardEnvironment - Initialized StandardEnvironment with PropertySources [MapPropertySource@1810907649 {name='systemProperties', properties={java.runtime.name=Java(TM) SE Runtime Environment, sun.boot.library.path=/Library/Java/JavaVirtualMachines/jdk1.8.0_131.jdk/Contents/Home/jre/lib, java.vm.version=25.131-b11, gopherProxySet=false, java.vm.vendor=Oracle Corporation, java.vendor.url=http://java.oracle.com/, path.separator=:, java.vm.name=Java HotSpot(TM) 64-Bit Server VM, file.encoding.pkg=sun.io, sun.java.launcher=SUN_STANDARD, user.country=CO, sun.os.patch.level=unknown, java.vm.specification.name=Java Virtual Machine Specification, user.dir=/Users/usuario/Downloads/Parking, java.runtime.version=1.8.0_131-b11, java.awt.graphicsenv=sun.awt.CGraphicsEnvironment, java.endorsed.dirs=/Library/Java/JavaVirtualMachines/jdk1.8.0_131.jdk/Contents/Home/jre/lib/endorsed, os.arch=x86_64, java.io.tmpdir=/var/folders/1w/6nctytxj57gbq7dvg4_bzwrh0000gn/T/, line.separator=
, java.vm.specification.vendor=Oracle Corporation, user.variant=, os.name=Mac OS X, sun.jnu.encoding=UTF-8, java.library.path=/Users/usuario/Library/Java/Extensions:/Library/Java/Extensions:/Network/Library/Java/Extensions:/System/Library/Java/Extensions:/usr/lib/java:., java.specification.name=Java Platform API Specification, java.class.version=52.0, org.gradle.native=false, sun.management.compiler=HotSpot 64-Bit Tiered Compilers, os.version=10.13.2, http.nonProxyHosts=local|*.local|169.254/16|*.169.254/16, user.home=/Users/usuario, user.timezone=America/Bogota, java.awt.printerjob=sun.lwawt.macosx.CPrinterJob, file.encoding=UTF-8, java.specification.version=1.8, java.class.path=/Users/usuario/Downloads/Parking/build/classes/java/test:/Users/usuario/Downloads/Parking/build/resources/test:/Users/usuario/Downloads/Parking/build/classes/java/main:/Users/usuario/Downloads/Parking/build/resources/main:/Users/usuario/.gradle/caches/modules-2/files-2.1/org.springframework.boot/spring-boot-starter-data-mongodb-reactive/2.0.0.BUILD-SNAPSHOT/6da94828b7a423effec9c18cff83fd09dcacf14a/spring-boot-starter-data-mongodb-reactive-2.0.0.BUILD-SNAPSHOT.jar:/Users/usuario/.gradle/caches/modules-2/files-2.1/org.springframework.boot/spring-boot-starter-webflux/2.0.0.BUILD-SNAPSHOT/782a2f7cd979cba5b697e6eaa0164d4447e6bf0e/spring-boot-starter-webflux-2.0.0.BUILD-SNAPSHOT.jar:/Users/usuario/.gradle/caches/modules-2/files-2.1/cz.jirutka.spring/embedmongo-spring/1.3.1/b109b79d54367b96eea1409d75d03421c48ed870/embedmongo-spring-1.3.1.jar:/Users/usuario/.gradle/caches/modules-2/files-2.1/org.springframework.boot/spring-boot-starter-test/2.0.0.BUILD-SNAPSHOT/9fafb62c6865df4ce5ae9d183055baf58de100fa/spring-boot-starter-test-2.0.0.BUILD-SNAPSHOT.jar:/Users/usuario/.gradle/caches/modules-2/files-2.1/de.flapdoodle.embed/de.flapdoodle.embed.mongo/2.0.1/f4e97f972f1576beff8e595a5aaab2ba5ad6ad6f/de.flapdoodle.embed.mongo-2.0.1.jar:/Users/usuario/.gradle/caches/modules-2/files-2.1/io.projectreactor/reactor-test/3.1.3.RELEASE/c43181d99c4917dd948e41e422cfa6f9ccff8404/reactor-test-3.1.3.RELEASE.jar:/Users/usuario/.gradle/caches/modules-2/files-2.1/org.springframework.boot/spring-boot-starter-json/2.0.0.BUILD-SNAPSHOT/d524524501fa11f45b8cfb01757be0c4a95b207f/spring-boot-starter-json-2.0.0.BUILD-SNAPSHOT.jar:/Users/usuario/.gradle/caches/modules-2/files-2.1/org.springframework.boot/spring-boot-starter/2.0.0.BUILD-SNAPSHOT/999017226e9e796d164f92aba72756d8293031fb/spring-boot-starter-2.0.0.BUILD-SNAPSHOT.jar:/Users/usuario/.gradle/caches/modules-2/files-2.1/org.springframework.data/spring-data-mongodb/2.0.4.BUILD-SNAPSHOT/952fc8202315c48d639445ebe7874c2218e6c413/spring-data-mongodb-2.0.4.BUILD-SNAPSHOT.jar:/Users/usuario/.gradle/caches/modules-2/files-2.1/org.mongodb/mongodb-driver/3.6.1/3023edc52f728f01fa5624e91923932b0a4c9b63/mongodb-driver-3.6.1.jar:/Users/usuario/.gradle/caches/modules-2/files-2.1/org.mongodb/mongodb-driver-reactivestreams/1.7.0/52358d54bff841ab5c191ee837650e519f7557e9/mongodb-driver-reactivestreams-1.7.0.jar:/Users/usuario/.gradle/caches/modules-2/files-2.1/org.mongodb/mongodb-driver-async/3.6.1/7e1a7909cef629ecab3c2a3e8ed3a8ab5225fb24/mongodb-driver-async-3.6.1.jar:/Users/usuario/.gradle/caches/modules-2/files-2.1/org.springframework/spring-webflux/5.0.3.RELEASE/92c9a097f6b80d7e76f8c47afcc1f59c1916e702/spring-webflux-5.0.3.RELEASE.jar:/Users/usuario/.gradle/caches/modules-2/files-2.1/org.springframework.boot/spring-boot-starter-reactor-netty/2.0.0.BUILD-SNAPSHOT/8c7d93a724e9e912fc22e008f0548aeec4bcfffd/spring-boot-starter-reactor-netty-2.0.0.BUILD-SNAPSHOT.jar:/Users/usuario/.gradle/caches/modules-2/files-2.1/io.projectreactor.ipc/reactor-netty/0.7.3.RELEASE/5815b8be295c828486201f9c433648351f05a11/reactor-netty-0.7.3.RELEASE.jar:/Users/usuario/.gradle/caches/modules-2/files-2.1/io.projectreactor/reactor-core/3.1.3.RELEASE/ca04584098c515657db3b58a09a0532b2341e13b/reactor-core-3.1.3.RELEASE.jar:/Users/usuario/.gradle/caches/modules-2/files-2.1/org.hibernate.validator/hibernate-validator/6.0.7.Final/8b9d9c7ec8c73963ea0fe81912fc67711a4ef76/hibernate-validator-6.0.7.Final.jar:/Users/usuario/.gradle/caches/modules-2/files-2.1/org.springframework/spring-web/5.0.3.RELEASE/5266e04bf799e523bfe163f0e5520799c216cbfb/spring-web-5.0.3.RELEASE.jar:/Users/usuario/.gradle/caches/modules-2/files-2.1/org.synchronoss.cloud/nio-multipart-parser/1.1.0/c6c417fec6612584b1c34d4dd98c5a4e47e8c754/nio-multipart-parser-1.1.0.jar:/Users/usuario/.gradle/caches/modules-2/files-2.1/de.flapdoodle.embed/de.flapdoodle.embed.process/2.0.1/116a63e9f0f498b2375f4f6e7cd9e2fd8abe9a5f/de.flapdoodle.embed.process-2.0.1.jar:/Users/usuario/.gradle/caches/modules-2/files-2.1/org.mongodb/mongo-java-driver/3.6.1/1888443f93f57a252f027f70f8e63133626f4acb/mongo-java-driver-3.6.1.jar:/Users/usuario/.gradle/caches/modules-2/files-2.1/com.jayway.jsonpath/json-path/2.4.0/765a4401ceb2dc8d40553c2075eb80a8fa35c2ae/json-path-2.4.0.jar:/Users/usuario/.gradle/caches/modules-2/files-2.1/org.springframework.data/spring-data-commons/2.0.4.BUILD-SNAPSHOT/671d91f598eb0d7c75878fcad2a5342430e0888e/spring-data-commons-2.0.4.BUILD-SNAPSHOT.jar:/Users/usuario/.gradle/caches/modules-2/files-2.1/org.synchronoss.cloud/nio-stream-storage/1.1.3/986dba5f6e5eed20f0dba6ddc8e8a64a9ebdc2f3/nio-stream-storage-1.1.3.jar:/Users/usuario/.gradle/caches/modules-2/files-2.1/org.springframework.boot/spring-boot-starter-logging/2.0.0.BUILD-SNAPSHOT/ad27922b8533852fc404dd174eda7a0ae620dce4/spring-boot-starter-logging-2.0.0.BUILD-SNAPSHOT.jar:/Users/usuario/.gradle/caches/modules-2/files-2.1/ch.qos.logback/logback-classic/1.2.3/7c4f3c474fb2c041d8028740440937705ebb473a/logback-classic-1.2.3.jar:/Users/usuario/.gradle/caches/modules-2/files-2.1/org.apache.logging.log4j/log4j-to-slf4j/2.10.0/f7e631ccf49cfc0aefa4a2a728da7d374c05bd3c/log4j-to-slf4j-2.10.0.jar:/Users/usuario/.gradle/caches/modules-2/files-2.1/org.slf4j/jul-to-slf4j/1.7.25/af5364cd6679bfffb114f0dec8a157aaa283b76/jul-to-slf4j-1.7.25.jar:/Users/usuario/.gradle/caches/modules-2/files-2.1/org.slf4j/slf4j-api/1.7.25/da76ca59f6a57ee3102f8f9bd9cee742973efa8a/slf4j-api-1.7.25.jar:/Users/usuario/.gradle/caches/modules-2/files-2.1/org.springframework.boot/spring-boot-test-autoconfigure/2.0.0.BUILD-SNAPSHOT/71375920348db071d0b0a2612cc9f6d085c5abfc/spring-boot-test-autoconfigure-2.0.0.BUILD-SNAPSHOT.jar:/Users/usuario/.gradle/caches/modules-2/files-2.1/org.springframework.boot/spring-boot-test/2.0.0.BUILD-SNAPSHOT/79df1a6ec337f1d4be83de54f74745485bc6f268/spring-boot-test-2.0.0.BUILD-SNAPSHOT.jar:/Users/usuario/.gradle/caches/modules-2/files-2.1/junit/junit/4.12/2973d150c0dc1fefe998f834810d68f278ea58ec/junit-4.12.jar:/Users/usuario/.gradle/caches/modules-2/files-2.1/org.assertj/assertj-core/3.9.0/de324a44efe19b9222d2218f7ac3102d728497d8/assertj-core-3.9.0.jar:/Users/usuario/.gradle/caches/modules-2/files-2.1/org.mockito/mockito-core/2.13.0/8e372943974e4a121fb8617baced8ebfe46d54f0/mockito-core-2.13.0.jar:/Users/usuario/.gradle/caches/modules-2/files-2.1/org.hamcrest/hamcrest-library/1.3/4785a3c21320980282f9f33d0d1264a69040538f/hamcrest-library-1.3.jar:/Users/usuario/.gradle/caches/modules-2/files-2.1/org.hamcrest/hamcrest-core/1.3/42a25dc3219429f0e5d060061f71acb49bf010a0/hamcrest-core-1.3.jar:/Users/usuario/.gradle/caches/modules-2/files-2.1/org.skyscreamer/jsonassert/1.5.0/6c9d5fe2f59da598d9aefc1cfc6528ff3cf32df3/jsonassert-1.5.0.jar:/Users/usuario/.gradle/caches/modules-2/files-2.1/org.springframework/spring-test/5.0.3.RELEASE/9e1f889fd26a36e2ec1b3b080b652b86e960baf0/spring-test-5.0.3.RELEASE.jar:/Users/usuario/.gradle/caches/modules-2/files-2.1/org.springframework.boot/spring-boot-autoconfigure/2.0.0.BUILD-SNAPSHOT/72f5f54cbcd2c40f53bedf741a4eecf49ae1b571/spring-boot-autoconfigure-2.0.0.BUILD-SNAPSHOT.jar:/Users/usuario/.gradle/caches/modules-2/files-2.1/org.springframework.boot/spring-boot/2.0.0.BUILD-SNAPSHOT/fd57a52fc59fecec17d8d5885df820400c926f2/spring-boot-2.0.0.BUILD-SNAPSHOT.jar:/Users/usuario/.gradle/caches/modules-2/files-2.1/org.springframework/spring-tx/5.0.3.RELEASE/18cb58265c9d10a1bccc9024ee98c43780f6b344/spring-tx-5.0.3.RELEASE.jar:/Users/usuario/.gradle/caches/modules-2/files-2.1/org.springframework/spring-context/5.0.3.RELEASE/a7cb3317167059337d57a6ba92b7a95997322198/spring-context-5.0.3.RELEASE.jar:/Users/usuario/.gradle/caches/modules-2/files-2.1/org.springframework/spring-aop/5.0.3.RELEASE/25019c46a2fae8c0c4a17979665e0613949ea59f/spring-aop-5.0.3.RELEASE.jar:/Users/usuario/.gradle/caches/modules-2/files-2.1/org.springframework/spring-beans/5.0.3.RELEASE/c65a623d51721f6037505ce6c11e5d19edfa1c3a/spring-beans-5.0.3.RELEASE.jar:/Users/usuario/.gradle/caches/modules-2/files-2.1/org.springframework/spring-expression/5.0.3.RELEASE/ffc2e3d88a0b6ac6669e764a71cc3b49001eda21/spring-expression-5.0.3.RELEASE.jar:/Users/usuario/.gradle/caches/modules-2/files-2.1/org.springframework/spring-core/5.0.3.RELEASE/8950eb10c466a77677693dd495d4b6a26de315f4/spring-core-5.0.3.RELEASE.jar:/Users/usuario/.gradle/caches/modules-2/files-2.1/org.xmlunit/xmlunit-core/2.5.1/4ffdb346572a7356f7521cd3119ce5287d2e339d/xmlunit-core-2.5.1.jar:/Users/usuario/.gradle/caches/modules-2/files-2.1/javax.annotation/javax.annotation-api/1.3.1/20a2c0583598d68b0835474bbe07792d4f3b219f/javax.annotation-api-1.3.1.jar:/Users/usuario/.gradle/caches/modules-2/files-2.1/org.yaml/snakeyaml/1.19/2d998d3d674b172a588e54ab619854d073f555b5/snakeyaml-1.19.jar:/Users/usuario/.gradle/caches/modules-2/files-2.1/org.mongodb/mongodb-driver-core/3.6.1/c2f77160884b8b208d8539643128e8322c32dd/mongodb-driver-core-3.6.1.jar:/Users/usuario/.gradle/caches/modules-2/files-2.1/org.mongodb/bson/3.6.1/d9ee864dfba60d55a38b54820809d78f85cb9afe/bson-3.6.1.jar:/Users/usuario/.gradle/caches/modules-2/files-2.1/org.reactivestreams/reactive-streams/1.0.2/323964c36556eb0e6209f65c1cef72b53b461ab8/reactive-streams-1.0.2.jar:/Users/usuario/.gradle/caches/modules-2/files-2.1/com.fasterxml.jackson.datatype/jackson-datatype-jdk8/2.9.4/63ac052d52a70a15820d3dc07ea757826fd51d40/jackson-datatype-jdk8-2.9.4.jar:/Users/usuario/.gradle/caches/modules-2/files-2.1/com.fasterxml.jackson.datatype/jackson-datatype-jsr310/2.9.4/12d52679a6615c7972ea25bd8ebb60b191fe79b7/jackson-datatype-jsr310-2.9.4.jar:/Users/usuario/.gradle/caches/modules-2/files-2.1/com.fasterxml.jackson.module/jackson-module-parameter-names/2.9.4/5833c819877c3e85bad847f4d2fa4e70379217c6/jackson-module-parameter-names-2.9.4.jar:/Users/usuario/.gradle/caches/modules-2/files-2.1/com.fasterxml.jackson.core/jackson-databind/2.9.4/498bbc3b94f566982c7f7c6d4d303fce365529be/jackson-databind-2.9.4.jar:/Users/usuario/.gradle/caches/modules-2/files-2.1/javax.validation/validation-api/2.0.1.Final/cb855558e6271b1b32e716d24cb85c7f583ce09e/validation-api-2.0.1.Final.jar:/Users/usuario/.gradle/caches/modules-2/files-2.1/org.jboss.logging/jboss-logging/3.3.1.Final/c46217ab74b532568c0ed31dc599db3048bd1b67/jboss-logging-3.3.1.Final.jar:/Users/usuario/.gradle/caches/modules-2/files-2.1/com.fasterxml/classmate/1.3.4/3d5f48f10bbe4eb7bd862f10c0583be2e0053c6/classmate-1.3.4.jar:/Users/usuario/.gradle/caches/modules-2/files-2.1/net.minidev/json-smart/2.3/7396407491352ce4fa30de92efb158adb76b5b/json-smart-2.3.jar:/Users/usuario/.gradle/caches/modules-2/files-2.1/net.bytebuddy/byte-buddy/1.7.9/51218a01a882c04d0aba8c028179cce488bbcb58/byte-buddy-1.7.9.jar:/Users/usuario/.gradle/caches/modules-2/files-2.1/net.bytebuddy/byte-buddy-agent/1.7.9/a6c65f9da7f467ee1f02ff2841ffd3155aee2fc9/byte-buddy-agent-1.7.9.jar:/Users/usuario/.gradle/caches/modules-2/files-2.1/org.objenesis/objenesis/2.6/639033469776fd37c08358c6b92a4761feb2af4b/objenesis-2.6.jar:/Users/usuario/.gradle/caches/modules-2/files-2.1/com.vaadin.external.google/android-json/0.0.20131108.vaadin1/fa26d351fe62a6a17f5cda1287c1c6110dec413f/android-json-0.0.20131108.vaadin1.jar:/Users/usuario/.gradle/caches/modules-2/files-2.1/org.springframework/spring-jcl/5.0.3.RELEASE/855919d50380ed6f0ccee7b8d6789f4febdb6660/spring-jcl-5.0.3.RELEASE.jar:/Users/usuario/.gradle/caches/modules-2/files-2.1/com.fasterxml.jackson.core/jackson-annotations/2.9.0/7c10d545325e3a6e72e06381afe469fd40eb701/jackson-annotations-2.9.0.jar:/Users/usuario/.gradle/caches/modules-2/files-2.1/com.fasterxml.jackson.core/jackson-core/2.9.4/a9a71ec1aa37da47db168fede9a4a5fb5e374320/jackson-core-2.9.4.jar:/Users/usuario/.gradle/caches/modules-2/files-2.1/io.netty/netty-handler-proxy/4.1.20.Final/7c32216f081bada9142b78e1d428d4e1750dc207/netty-handler-proxy-4.1.20.Final.jar:/Users/usuario/.gradle/caches/modules-2/files-2.1/io.netty/netty-codec-http/4.1.20.Final/5f45dca168c6161ff156be3f5d8f1eb60e160bd9/netty-codec-http-4.1.20.Final.jar:/Users/usuario/.gradle/caches/modules-2/files-2.1/io.netty/netty-handler/4.1.20.Final/e8e548c1a032adb40d9ea785b0bccccc2df54e13/netty-handler-4.1.20.Final.jar:/Users/usuario/.gradle/caches/modules-2/files-2.1/io.netty/netty-transport-native-epoll/4.1.20.Final/a4d2caa35c7a5ba9c45ca81770852384934aeb60/netty-transport-native-epoll-4.1.20.Final.jar:/Users/usuario/.gradle/caches/modules-2/files-2.1/net.minidev/accessors-smart/1.2/c592b500269bfde36096641b01238a8350f8aa31/accessors-smart-1.2.jar:/Users/usuario/.gradle/caches/modules-2/files-2.1/ch.qos.logback/logback-core/1.2.3/864344400c3d4d92dfeb0a305dc87d953677c03c/logback-core-1.2.3.jar:/Users/usuario/.gradle/caches/modules-2/files-2.1/org.apache.logging.log4j/log4j-api/2.10.0/fec5797a55b786184a537abd39c3fa1449d752d6/log4j-api-2.10.0.jar:/Users/usuario/.gradle/caches/modules-2/files-2.1/io.netty/netty-codec-socks/4.1.20.Final/7dddd0c26b1bac90b2249c4c0c8f153e864c4432/netty-codec-socks-4.1.20.Final.jar:/Users/usuario/.gradle/caches/modules-2/files-2.1/io.netty/netty-codec/4.1.20.Final/285cec1c043c84d571ae286d87a809d72917eea7/netty-codec-4.1.20.Final.jar:/Users/usuario/.gradle/caches/modules-2/files-2.1/io.netty/netty-transport-native-unix-common/4.1.20.Final/1b1d5858b9d008d264de45eef597f8064d34da79/netty-transport-native-unix-common-4.1.20.Final.jar:/Users/usuario/.gradle/caches/modules-2/files-2.1/io.netty/netty-transport/4.1.20.Final/77c8a5294261758dbca7b7928b2ebc02658f2feb/netty-transport-4.1.20.Final.jar:/Users/usuario/.gradle/caches/modules-2/files-2.1/io.netty/netty-buffer/4.1.20.Final/e277a521cda3997c322e6c761aa09bc9b1eaa43a/netty-buffer-4.1.20.Final.jar:/Users/usuario/.gradle/caches/modules-2/files-2.1/io.netty/netty-resolver/4.1.20.Final/27aad5a68e183a0215b5d66b3bfd47a315ec4ca7/netty-resolver-4.1.20.Final.jar:/Users/usuario/.gradle/caches/modules-2/files-2.1/io.netty/netty-common/4.1.20.Final/705196810d01600478731b52817739dbeaa9df61/netty-common-4.1.20.Final.jar:/Users/usuario/.gradle/caches/modules-2/files-2.1/org.ow2.asm/asm/5.0.4/da08b8cce7bbf903602a25a3a163ae252435795/asm-5.0.4.jar:/Users/usuario/.gradle/caches/modules-2/files-2.1/commons-io/commons-io/2.4/b1b6ea3b7e4aa4f492509a4952029cd8e48019ad/commons-io-2.4.jar:/Users/usuario/.gradle/caches/modules-2/files-2.1/org.apache.commons/commons-lang3/3.7/557edd918fd41f9260963583ebf5a61a43a6b423/commons-lang3-3.7.jar:/Users/usuario/.gradle/caches/modules-2/files-2.1/net.java.dev.jna/jna-platform/4.5.1/117d52c9f672d8b7ea80a81464c33ef843de9254/jna-platform-4.5.1.jar:/Users/usuario/.gradle/caches/modules-2/files-2.1/net.java.dev.jna/jna/4.5.1/65bd0cacc9c79a21c6ed8e9f588577cd3c2f85b9/jna-4.5.1.jar:/Users/usuario/.gradle/caches/modules-2/files-2.1/org.apache.commons/commons-compress/1.10/5eeb27c57eece1faf2d837868aeccc94d84dcc9a/commons-compress-1.10.jar, user.name=usuario, java.vm.specification.version=1.8, sun.java.command=worker.org.gradle.process.internal.worker.GradleWorkerMain 'Gradle Test Executor 2', java.home=/Library/Java/JavaVirtualMachines/jdk1.8.0_131.jdk/Contents/Home/jre, sun.arch.data.model=64, user.language=es, java.specification.vendor=Oracle Corporation, awt.toolkit=sun.lwawt.macosx.LWCToolkit, java.vm.info=mixed mode, java.version=1.8.0_131, java.ext.dirs=/Users/usuario/Library/Java/Extensions:/Library/Java/JavaVirtualMachines/jdk1.8.0_131.jdk/Contents/Home/jre/lib/ext:/Library/Java/Extensions:/Network/Library/Java/Extensions:/System/Library/Java/Extensions:/usr/lib/java, sun.boot.class.path=/Library/Java/JavaVirtualMachines/jdk1.8.0_131.jdk/Contents/Home/jre/lib/resources.jar:/Library/Java/JavaVirtualMachines/jdk1.8.0_131.jdk/Contents/Home/jre/lib/rt.jar:/Library/Java/JavaVirtualMachines/jdk1.8.0_131.jdk/Contents/Home/jre/lib/sunrsasign.jar:/Library/Java/JavaVirtualMachines/jdk1.8.0_131.jdk/Contents/Home/jre/lib/jsse.jar:/Library/Java/JavaVirtualMachines/jdk1.8.0_131.jdk/Contents/Home/jre/lib/jce.jar:/Library/Java/JavaVirtualMachines/jdk1.8.0_131.jdk/Contents/Home/jre/lib/charsets.jar:/Library/Java/JavaVirtualMachines/jdk1.8.0_131.jdk/Contents/Home/jre/lib/jfr.jar:/Library/Java/JavaVirtualMachines/jdk1.8.0_131.jdk/Contents/Home/jre/classes, java.vendor=Oracle Corporation, org.gradle.test.worker=2, file.separator=/, java.vendor.url.bug=http://bugreport.sun.com/bugreport/, sun.io.unicode.encoding=UnicodeBig, sun.cpu.endian=little, socksNonProxyHosts=local|*.local|169.254/16|*.169.254/16, ftp.nonProxyHosts=local|*.local|169.254/16|*.169.254/16, sun.cpu.isalist=}}, SystemEnvironmentPropertySource@1779137407 {name='systemEnvironment', properties={PATH=/Users/usuario/.rbenv/shims:/usr/local/share/android-sdk/platform-tools:/usr/local/share/android-sdk/tools:/usr/local/bin:/usr/bin:/bin:/usr/sbin:/sbin:/Applications/Wireshark.app/Contents/MacOS:/Users/usuario/.rvm/bin, _system_arch=x86_64, rvm_bin_path=/Users/usuario/.rvm/bin, RBENV_SHELL=bash, rvm_prefix=/Users/usuario, ANDROID_HOME=/usr/local/share/android-sdk, PS1=\[\033[0;97m\]\u:\[\033[0;94m\]\W\[\033[0;97m\] $\[\033[0m\] , VERSIONER_PYTHON_VERSION=2.7, LOGNAME=usuario, rvm_version=1.29.2 (latest), XPC_SERVICE_NAME=com.jetbrains.intellij.ce.3416, JAVA_MAIN_CLASS_6021=worker.org.gradle.process.internal.worker.GradleWorkerMain, SHELL=/bin/bash, _system_type=Darwin, LSCOLORS=gxbxcxdxfxexcxbxbxdxdx, _system_version=10.13, VERSIONER_PYTHON_PREFER_32_BIT=no, CLICOLOR=1, USER=usuario, rvm_path=/Users/usuario/.rvm, TMPDIR=/var/folders/1w/6nctytxj57gbq7dvg4_bzwrh0000gn/T/, SSH_AUTH_SOCK=/private/tmp/com.apple.launchd.P8H2HmbPOS/Listeners, XPC_FLAGS=0x0, _system_name=OSX, __CF_USER_TEXT_ENCODING=0x1F5:0x0:0x8, Apple_PubSub_Socket_Render=/private/tmp/com.apple.launchd.SSOwDKkJNF/Render, LC_CTYPE=es_CO.UTF-8, HOME=/Users/usuario}}]
21:49:41.130 [Test worker] DEBUG org.springframework.core.io.support.PathMatchingResourcePatternResolver - Resolved classpath location [com/ceiba/parking/] to resources [URL [file:/Users/usuario/Downloads/Parking/build/classes/java/test/com/ceiba/parking/], URL [file:/Users/usuario/Downloads/Parking/build/classes/java/main/com/ceiba/parking/]]
21:49:41.131 [Test worker] DEBUG org.springframework.core.io.support.PathMatchingResourcePatternResolver - Looking for matching resources in directory tree [/Users/usuario/Downloads/Parking/build/classes/java/test/com/ceiba/parking]
21:49:41.132 [Test worker] DEBUG org.springframework.core.io.support.PathMatchingResourcePatternResolver - Searching directory [/Users/usuario/Downloads/Parking/build/classes/java/test/com/ceiba/parking] for files matching pattern [/Users/usuario/Downloads/Parking/build/classes/java/test/com/ceiba/parking/*.class]
21:49:41.141 [Test worker] DEBUG org.springframework.core.io.support.PathMatchingResourcePatternResolver - Looking for matching resources in directory tree [/Users/usuario/Downloads/Parking/build/classes/java/main/com/ceiba/parking]
21:49:41.141 [Test worker] DEBUG org.springframework.core.io.support.PathMatchingResourcePatternResolver - Searching directory [/Users/usuario/Downloads/Parking/build/classes/java/main/com/ceiba/parking] for files matching pattern [/Users/usuario/Downloads/Parking/build/classes/java/main/com/ceiba/parking/*.class]
21:49:41.143 [Test worker] DEBUG org.springframework.core.io.support.PathMatchingResourcePatternResolver - Resolved location pattern [classpath*:com/ceiba/parking/*.class] to resources [file [/Users/usuario/Downloads/Parking/build/classes/java/test/com/ceiba/parking/ParkingApplicationTests.class], file [/Users/usuario/Downloads/Parking/build/classes/java/main/com/ceiba/parking/ParkingApplication.class]]
21:49:41.285 [Test worker] DEBUG org.springframework.context.annotation.ClassPathScanningCandidateComponentProvider - Identified candidate component class: file [/Users/usuario/Downloads/Parking/build/classes/java/main/com/ceiba/parking/ParkingApplication.class]
21:49:41.288 [Test worker] INFO org.springframework.boot.test.context.SpringBootTestContextBootstrapper - Found @SpringBootConfiguration com.ceiba.parking.ParkingApplication for test class com.ceiba.parking.ParkingApplicationTests
21:49:41.671 [Test worker] DEBUG org.springframework.boot.test.context.SpringBootTestContextBootstrapper - @TestExecutionListeners is not present for class [com.ceiba.parking.ParkingApplicationTests]: using defaults.
21:49:41.672 [Test worker] INFO org.springframework.boot.test.context.SpringBootTestContextBootstrapper - Loaded default TestExecutionListener class names from location [META-INF/spring.factories]: [org.springframework.boot.test.autoconfigure.restdocs.RestDocsTestExecutionListener, org.springframework.boot.test.autoconfigure.web.client.MockRestServiceServerResetTestExecutionListener, org.springframework.boot.test.autoconfigure.web.servlet.MockMvcPrintOnlyOnFailureTestExecutionListener, org.springframework.boot.test.autoconfigure.web.servlet.WebDriverTestExecutionListener, org.springframework.boot.test.mock.mockito.MockitoTestExecutionListener, org.springframework.boot.test.mock.mockito.ResetMocksTestExecutionListener, org.springframework.test.context.web.ServletTestExecutionListener, org.springframework.test.context.support.DirtiesContextBeforeModesTestExecutionListener, org.springframework.test.context.support.DependencyInjectionTestExecutionListener, org.springframework.test.context.support.DirtiesContextTestExecutionListener, org.springframework.test.context.transaction.TransactionalTestExecutionListener, org.springframework.test.context.jdbc.SqlScriptsTestExecutionListener]
21:49:41.713 [Test worker] DEBUG org.springframework.boot.test.context.SpringBootTestContextBootstrapper - Skipping candidate TestExecutionListener [org.springframework.test.context.web.ServletTestExecutionListener] due to a missing dependency. Specify custom listener classes or make the default listener classes and their required dependencies available. Offending class: [javax/servlet/ServletContext]
21:49:41.982 [Test worker] INFO org.springframework.boot.test.context.SpringBootTestContextBootstrapper - Using TestExecutionListeners: [org.springframework.test.context.support.DirtiesContextBeforeModesTestExecutionListener@6e74b30f, org.springframework.boot.test.mock.mockito.MockitoTestExecutionListener@2f2e1fec, org.springframework.boot.test.autoconfigure.SpringBootDependencyInjectionTestExecutionListener@1cfe6231, org.springframework.test.context.support.DirtiesContextTestExecutionListener@693768bb, org.springframework.test.context.transaction.TransactionalTestExecutionListener@22104259, org.springframework.test.context.jdbc.SqlScriptsTestExecutionListener@7d1ef888, org.springframework.boot.test.autoconfigure.restdocs.RestDocsTestExecutionListener@121ef2f0, org.springframework.boot.test.autoconfigure.web.client.MockRestServiceServerResetTestExecutionListener@40be22b8, org.springframework.boot.test.autoconfigure.web.servlet.MockMvcPrintOnlyOnFailureTestExecutionListener@609ca27c, org.springframework.boot.test.autoconfigure.web.servlet.WebDriverTestExecutionListener@6acccc5f, org.springframework.boot.test.mock.mockito.ResetMocksTestExecutionListener@f202a84]
21:49:41.991 [Test worker] DEBUG org.springframework.test.annotation.ProfileValueUtils - Retrieved @ProfileValueSourceConfiguration [null] for test class [com.ceiba.parking.ParkingApplicationTests]
21:49:41.993 [Test worker] DEBUG org.springframework.test.annotation.ProfileValueUtils - Retrieved ProfileValueSource type [class org.springframework.test.annotation.SystemProfileValueSource] for class [com.ceiba.parking.ParkingApplicationTests]
21:49:41.996 [Test worker] DEBUG org.springframework.test.annotation.ProfileValueUtils - Retrieved @ProfileValueSourceConfiguration [null] for test class [com.ceiba.parking.ParkingApplicationTests]
21:49:41.996 [Test worker] DEBUG org.springframework.test.annotation.ProfileValueUtils - Retrieved ProfileValueSource type [class org.springframework.test.annotation.SystemProfileValueSource] for class [com.ceiba.parking.ParkingApplicationTests]
21:49:42.009 [Test worker] DEBUG org.springframework.test.context.support.AbstractDirtiesContextTestExecutionListener - Before test class: context [DefaultTestContext@2b6ecddd testClass = ParkingApplicationTests, testInstance = [null], testMethod = [null], testException = [null], mergedContextConfiguration = [ReactiveWebMergedContextConfiguration@30d0f078 testClass = ParkingApplicationTests, locations = '{}', classes = '{class com.ceiba.parking.ParkingApplication}', contextInitializerClasses = '[]', activeProfiles = '{}', propertySourceLocations = '{}', propertySourceProperties = '{org.springframework.boot.test.context.SpringBootTestContextBootstrapper=true}', contextCustomizers = set[org.springframework.boot.test.autoconfigure.properties.PropertyMappingContextCustomizer@0, org.springframework.boot.test.autoconfigure.web.servlet.WebDriverContextCustomizerFactory$Customizer@b5d37ff, org.springframework.boot.test.context.filter.ExcludeFilterContextCustomizer@1ead04ae, org.springframework.boot.test.json.DuplicateJsonObjectContextCustomizerFactory$DuplicateJsonObjectContextCustomizer@4ecebebd, org.springframework.boot.test.mock.mockito.MockitoContextCustomizer@0, org.springframework.boot.test.web.client.TestRestTemplateTestContextCustomizer@d7100a2, org.springframework.boot.test.web.reactive.server.WebTestClientContextCustomizer@74368f3c], contextLoader = 'org.springframework.boot.test.context.SpringBootContextLoader', parent = [null]], attributes = map[[empty]]], class annotated with @DirtiesContext [false] with mode [null].
21:49:42.012 [Test worker] DEBUG org.springframework.test.annotation.ProfileValueUtils - Retrieved @ProfileValueSourceConfiguration [null] for test class [com.ceiba.parking.ParkingApplicationTests]
21:49:42.015 [Test worker] DEBUG org.springframework.test.annotation.ProfileValueUtils - Retrieved ProfileValueSource type [class org.springframework.test.annotation.SystemProfileValueSource] for class [com.ceiba.parking.ParkingApplicationTests]
21:49:42.032 [Test worker] DEBUG org.springframework.test.context.support.DependencyInjectionTestExecutionListener - Performing dependency injection for test context [[DefaultTestContext@2b6ecddd testClass = ParkingApplicationTests, testInstance = com.ceiba.parking.ParkingApplicationTests@5778f0ad, testMethod = [null], testException = [null], mergedContextConfiguration = [ReactiveWebMergedContextConfiguration@30d0f078 testClass = ParkingApplicationTests, locations = '{}', classes = '{class com.ceiba.parking.ParkingApplication}', contextInitializerClasses = '[]', activeProfiles = '{}', propertySourceLocations = '{}', propertySourceProperties = '{org.springframework.boot.test.context.SpringBootTestContextBootstrapper=true}', contextCustomizers = set[org.springframework.boot.test.autoconfigure.properties.PropertyMappingContextCustomizer@0, org.springframework.boot.test.autoconfigure.web.servlet.WebDriverContextCustomizerFactory$Customizer@b5d37ff, org.springframework.boot.test.context.filter.ExcludeFilterContextCustomizer@1ead04ae, org.springframework.boot.test.json.DuplicateJsonObjectContextCustomizerFactory$DuplicateJsonObjectContextCustomizer@4ecebebd, org.springframework.boot.test.mock.mockito.MockitoContextCustomizer@0, org.springframework.boot.test.web.client.TestRestTemplateTestContextCustomizer@d7100a2, org.springframework.boot.test.web.reactive.server.WebTestClientContextCustomizer@74368f3c], contextLoader = 'org.springframework.boot.test.context.SpringBootContextLoader', parent = [null]], attributes = map[[empty]]]].
21:49:42.086 [Test worker] DEBUG org.springframework.core.env.StandardEnvironment - Adding PropertySource 'systemProperties' with lowest search precedence
21:49:42.086 [Test worker] DEBUG org.springframework.core.env.StandardEnvironment - Adding PropertySource 'systemEnvironment' with lowest search precedence
21:49:42.087 [Test worker] DEBUG org.springframework.core.env.StandardEnvironment - Initialized StandardEnvironment with PropertySources [MapPropertySource@1859535806 {name='systemProperties', properties={java.runtime.name=Java(TM) SE Runtime Environment, sun.boot.library.path=/Library/Java/JavaVirtualMachines/jdk1.8.0_131.jdk/Contents/Home/jre/lib, java.vm.version=25.131-b11, gopherProxySet=false, java.vm.vendor=Oracle Corporation, java.vendor.url=http://java.oracle.com/, path.separator=:, java.vm.name=Java HotSpot(TM) 64-Bit Server VM, file.encoding.pkg=sun.io, sun.java.launcher=SUN_STANDARD, user.country=CO, sun.os.patch.level=unknown, java.vm.specification.name=Java Virtual Machine Specification, user.dir=/Users/usuario/Downloads/Parking, java.runtime.version=1.8.0_131-b11, java.awt.graphicsenv=sun.awt.CGraphicsEnvironment, java.endorsed.dirs=/Library/Java/JavaVirtualMachines/jdk1.8.0_131.jdk/Contents/Home/jre/lib/endorsed, os.arch=x86_64, java.io.tmpdir=/var/folders/1w/6nctytxj57gbq7dvg4_bzwrh0000gn/T/, line.separator=
, java.vm.specification.vendor=Oracle Corporation, user.variant=, os.name=Mac OS X, sun.jnu.encoding=UTF-8, java.library.path=/Users/usuario/Library/Java/Extensions:/Library/Java/Extensions:/Network/Library/Java/Extensions:/System/Library/Java/Extensions:/usr/lib/java:., java.specification.name=Java Platform API Specification, java.class.version=52.0, org.gradle.native=false, sun.management.compiler=HotSpot 64-Bit Tiered Compilers, os.version=10.13.2, http.nonProxyHosts=local|*.local|169.254/16|*.169.254/16, user.home=/Users/usuario, user.timezone=America/Bogota, java.awt.printerjob=sun.lwawt.macosx.CPrinterJob, file.encoding=UTF-8, java.specification.version=1.8, java.class.path=/Users/usuario/Downloads/Parking/build/classes/java/test:/Users/usuario/Downloads/Parking/build/resources/test:/Users/usuario/Downloads/Parking/build/classes/java/main:/Users/usuario/Downloads/Parking/build/resources/main:/Users/usuario/.gradle/caches/modules-2/files-2.1/org.springframework.boot/spring-boot-starter-data-mongodb-reactive/2.0.0.BUILD-SNAPSHOT/6da94828b7a423effec9c18cff83fd09dcacf14a/spring-boot-starter-data-mongodb-reactive-2.0.0.BUILD-SNAPSHOT.jar:/Users/usuario/.gradle/caches/modules-2/files-2.1/org.springframework.boot/spring-boot-starter-webflux/2.0.0.BUILD-SNAPSHOT/782a2f7cd979cba5b697e6eaa0164d4447e6bf0e/spring-boot-starter-webflux-2.0.0.BUILD-SNAPSHOT.jar:/Users/usuario/.gradle/caches/modules-2/files-2.1/cz.jirutka.spring/embedmongo-spring/1.3.1/b109b79d54367b96eea1409d75d03421c48ed870/embedmongo-spring-1.3.1.jar:/Users/usuario/.gradle/caches/modules-2/files-2.1/org.springframework.boot/spring-boot-starter-test/2.0.0.BUILD-SNAPSHOT/9fafb62c6865df4ce5ae9d183055baf58de100fa/spring-boot-starter-test-2.0.0.BUILD-SNAPSHOT.jar:/Users/usuario/.gradle/caches/modules-2/files-2.1/de.flapdoodle.embed/de.flapdoodle.embed.mongo/2.0.1/f4e97f972f1576beff8e595a5aaab2ba5ad6ad6f/de.flapdoodle.embed.mongo-2.0.1.jar:/Users/usuario/.gradle/caches/modules-2/files-2.1/io.projectreactor/reactor-test/3.1.3.RELEASE/c43181d99c4917dd948e41e422cfa6f9ccff8404/reactor-test-3.1.3.RELEASE.jar:/Users/usuario/.gradle/caches/modules-2/files-2.1/org.springframework.boot/spring-boot-starter-json/2.0.0.BUILD-SNAPSHOT/d524524501fa11f45b8cfb01757be0c4a95b207f/spring-boot-starter-json-2.0.0.BUILD-SNAPSHOT.jar:/Users/usuario/.gradle/caches/modules-2/files-2.1/org.springframework.boot/spring-boot-starter/2.0.0.BUILD-SNAPSHOT/999017226e9e796d164f92aba72756d8293031fb/spring-boot-starter-2.0.0.BUILD-SNAPSHOT.jar:/Users/usuario/.gradle/caches/modules-2/files-2.1/org.springframework.data/spring-data-mongodb/2.0.4.BUILD-SNAPSHOT/952fc8202315c48d639445ebe7874c2218e6c413/spring-data-mongodb-2.0.4.BUILD-SNAPSHOT.jar:/Users/usuario/.gradle/caches/modules-2/files-2.1/org.mongodb/mongodb-driver/3.6.1/3023edc52f728f01fa5624e91923932b0a4c9b63/mongodb-driver-3.6.1.jar:/Users/usuario/.gradle/caches/modules-2/files-2.1/org.mongodb/mongodb-driver-reactivestreams/1.7.0/52358d54bff841ab5c191ee837650e519f7557e9/mongodb-driver-reactivestreams-1.7.0.jar:/Users/usuario/.gradle/caches/modules-2/files-2.1/org.mongodb/mongodb-driver-async/3.6.1/7e1a7909cef629ecab3c2a3e8ed3a8ab5225fb24/mongodb-driver-async-3.6.1.jar:/Users/usuario/.gradle/caches/modules-2/files-2.1/org.springframework/spring-webflux/5.0.3.RELEASE/92c9a097f6b80d7e76f8c47afcc1f59c1916e702/spring-webflux-5.0.3.RELEASE.jar:/Users/usuario/.gradle/caches/modules-2/files-2.1/org.springframework.boot/spring-boot-starter-reactor-netty/2.0.0.BUILD-SNAPSHOT/8c7d93a724e9e912fc22e008f0548aeec4bcfffd/spring-boot-starter-reactor-netty-2.0.0.BUILD-SNAPSHOT.jar:/Users/usuario/.gradle/caches/modules-2/files-2.1/io.projectreactor.ipc/reactor-netty/0.7.3.RELEASE/5815b8be295c828486201f9c433648351f05a11/reactor-netty-0.7.3.RELEASE.jar:/Users/usuario/.gradle/caches/modules-2/files-2.1/io.projectreactor/reactor-core/3.1.3.RELEASE/ca04584098c515657db3b58a09a0532b2341e13b/reactor-core-3.1.3.RELEASE.jar:/Users/usuario/.gradle/caches/modules-2/files-2.1/org.hibernate.validator/hibernate-validator/6.0.7.Final/8b9d9c7ec8c73963ea0fe81912fc67711a4ef76/hibernate-validator-6.0.7.Final.jar:/Users/usuario/.gradle/caches/modules-2/files-2.1/org.springframework/spring-web/5.0.3.RELEASE/5266e04bf799e523bfe163f0e5520799c216cbfb/spring-web-5.0.3.RELEASE.jar:/Users/usuario/.gradle/caches/modules-2/files-2.1/org.synchronoss.cloud/nio-multipart-parser/1.1.0/c6c417fec6612584b1c34d4dd98c5a4e47e8c754/nio-multipart-parser-1.1.0.jar:/Users/usuario/.gradle/caches/modules-2/files-2.1/de.flapdoodle.embed/de.flapdoodle.embed.process/2.0.1/116a63e9f0f498b2375f4f6e7cd9e2fd8abe9a5f/de.flapdoodle.embed.process-2.0.1.jar:/Users/usuario/.gradle/caches/modules-2/files-2.1/org.mongodb/mongo-java-driver/3.6.1/1888443f93f57a252f027f70f8e63133626f4acb/mongo-java-driver-3.6.1.jar:/Users/usuario/.gradle/caches/modules-2/files-2.1/com.jayway.jsonpath/json-path/2.4.0/765a4401ceb2dc8d40553c2075eb80a8fa35c2ae/json-path-2.4.0.jar:/Users/usuario/.gradle/caches/modules-2/files-2.1/org.springframework.data/spring-data-commons/2.0.4.BUILD-SNAPSHOT/671d91f598eb0d7c75878fcad2a5342430e0888e/spring-data-commons-2.0.4.BUILD-SNAPSHOT.jar:/Users/usuario/.gradle/caches/modules-2/files-2.1/org.synchronoss.cloud/nio-stream-storage/1.1.3/986dba5f6e5eed20f0dba6ddc8e8a64a9ebdc2f3/nio-stream-storage-1.1.3.jar:/Users/usuario/.gradle/caches/modules-2/files-2.1/org.springframework.boot/spring-boot-starter-logging/2.0.0.BUILD-SNAPSHOT/ad27922b8533852fc404dd174eda7a0ae620dce4/spring-boot-starter-logging-2.0.0.BUILD-SNAPSHOT.jar:/Users/usuario/.gradle/caches/modules-2/files-2.1/ch.qos.logback/logback-classic/1.2.3/7c4f3c474fb2c041d8028740440937705ebb473a/logback-classic-1.2.3.jar:/Users/usuario/.gradle/caches/modules-2/files-2.1/org.apache.logging.log4j/log4j-to-slf4j/2.10.0/f7e631ccf49cfc0aefa4a2a728da7d374c05bd3c/log4j-to-slf4j-2.10.0.jar:/Users/usuario/.gradle/caches/modules-2/files-2.1/org.slf4j/jul-to-slf4j/1.7.25/af5364cd6679bfffb114f0dec8a157aaa283b76/jul-to-slf4j-1.7.25.jar:/Users/usuario/.gradle/caches/modules-2/files-2.1/org.slf4j/slf4j-api/1.7.25/da76ca59f6a57ee3102f8f9bd9cee742973efa8a/slf4j-api-1.7.25.jar:/Users/usuario/.gradle/caches/modules-2/files-2.1/org.springframework.boot/spring-boot-test-autoconfigure/2.0.0.BUILD-SNAPSHOT/71375920348db071d0b0a2612cc9f6d085c5abfc/spring-boot-test-autoconfigure-2.0.0.BUILD-SNAPSHOT.jar:/Users/usuario/.gradle/caches/modules-2/files-2.1/org.springframework.boot/spring-boot-test/2.0.0.BUILD-SNAPSHOT/79df1a6ec337f1d4be83de54f74745485bc6f268/spring-boot-test-2.0.0.BUILD-SNAPSHOT.jar:/Users/usuario/.gradle/caches/modules-2/files-2.1/junit/junit/4.12/2973d150c0dc1fefe998f834810d68f278ea58ec/junit-4.12.jar:/Users/usuario/.gradle/caches/modules-2/files-2.1/org.assertj/assertj-core/3.9.0/de324a44efe19b9222d2218f7ac3102d728497d8/assertj-core-3.9.0.jar:/Users/usuario/.gradle/caches/modules-2/files-2.1/org.mockito/mockito-core/2.13.0/8e372943974e4a121fb8617baced8ebfe46d54f0/mockito-core-2.13.0.jar:/Users/usuario/.gradle/caches/modules-2/files-2.1/org.hamcrest/hamcrest-library/1.3/4785a3c21320980282f9f33d0d1264a69040538f/hamcrest-library-1.3.jar:/Users/usuario/.gradle/caches/modules-2/files-2.1/org.hamcrest/hamcrest-core/1.3/42a25dc3219429f0e5d060061f71acb49bf010a0/hamcrest-core-1.3.jar:/Users/usuario/.gradle/caches/modules-2/files-2.1/org.skyscreamer/jsonassert/1.5.0/6c9d5fe2f59da598d9aefc1cfc6528ff3cf32df3/jsonassert-1.5.0.jar:/Users/usuario/.gradle/caches/modules-2/files-2.1/org.springframework/spring-test/5.0.3.RELEASE/9e1f889fd26a36e2ec1b3b080b652b86e960baf0/spring-test-5.0.3.RELEASE.jar:/Users/usuario/.gradle/caches/modules-2/files-2.1/org.springframework.boot/spring-boot-autoconfigure/2.0.0.BUILD-SNAPSHOT/72f5f54cbcd2c40f53bedf741a4eecf49ae1b571/spring-boot-autoconfigure-2.0.0.BUILD-SNAPSHOT.jar:/Users/usuario/.gradle/caches/modules-2/files-2.1/org.springframework.boot/spring-boot/2.0.0.BUILD-SNAPSHOT/fd57a52fc59fecec17d8d5885df820400c926f2/spring-boot-2.0.0.BUILD-SNAPSHOT.jar:/Users/usuario/.gradle/caches/modules-2/files-2.1/org.springframework/spring-tx/5.0.3.RELEASE/18cb58265c9d10a1bccc9024ee98c43780f6b344/spring-tx-5.0.3.RELEASE.jar:/Users/usuario/.gradle/caches/modules-2/files-2.1/org.springframework/spring-context/5.0.3.RELEASE/a7cb3317167059337d57a6ba92b7a95997322198/spring-context-5.0.3.RELEASE.jar:/Users/usuario/.gradle/caches/modules-2/files-2.1/org.springframework/spring-aop/5.0.3.RELEASE/25019c46a2fae8c0c4a17979665e0613949ea59f/spring-aop-5.0.3.RELEASE.jar:/Users/usuario/.gradle/caches/modules-2/files-2.1/org.springframework/spring-beans/5.0.3.RELEASE/c65a623d51721f6037505ce6c11e5d19edfa1c3a/spring-beans-5.0.3.RELEASE.jar:/Users/usuario/.gradle/caches/modules-2/files-2.1/org.springframework/spring-expression/5.0.3.RELEASE/ffc2e3d88a0b6ac6669e764a71cc3b49001eda21/spring-expression-5.0.3.RELEASE.jar:/Users/usuario/.gradle/caches/modules-2/files-2.1/org.springframework/spring-core/5.0.3.RELEASE/8950eb10c466a77677693dd495d4b6a26de315f4/spring-core-5.0.3.RELEASE.jar:/Users/usuario/.gradle/caches/modules-2/files-2.1/org.xmlunit/xmlunit-core/2.5.1/4ffdb346572a7356f7521cd3119ce5287d2e339d/xmlunit-core-2.5.1.jar:/Users/usuario/.gradle/caches/modules-2/files-2.1/javax.annotation/javax.annotation-api/1.3.1/20a2c0583598d68b0835474bbe07792d4f3b219f/javax.annotation-api-1.3.1.jar:/Users/usuario/.gradle/caches/modules-2/files-2.1/org.yaml/snakeyaml/1.19/2d998d3d674b172a588e54ab619854d073f555b5/snakeyaml-1.19.jar:/Users/usuario/.gradle/caches/modules-2/files-2.1/org.mongodb/mongodb-driver-core/3.6.1/c2f77160884b8b208d8539643128e8322c32dd/mongodb-driver-core-3.6.1.jar:/Users/usuario/.gradle/caches/modules-2/files-2.1/org.mongodb/bson/3.6.1/d9ee864dfba60d55a38b54820809d78f85cb9afe/bson-3.6.1.jar:/Users/usuario/.gradle/caches/modules-2/files-2.1/org.reactivestreams/reactive-streams/1.0.2/323964c36556eb0e6209f65c1cef72b53b461ab8/reactive-streams-1.0.2.jar:/Users/usuario/.gradle/caches/modules-2/files-2.1/com.fasterxml.jackson.datatype/jackson-datatype-jdk8/2.9.4/63ac052d52a70a15820d3dc07ea757826fd51d40/jackson-datatype-jdk8-2.9.4.jar:/Users/usuario/.gradle/caches/modules-2/files-2.1/com.fasterxml.jackson.datatype/jackson-datatype-jsr310/2.9.4/12d52679a6615c7972ea25bd8ebb60b191fe79b7/jackson-datatype-jsr310-2.9.4.jar:/Users/usuario/.gradle/caches/modules-2/files-2.1/com.fasterxml.jackson.module/jackson-module-parameter-names/2.9.4/5833c819877c3e85bad847f4d2fa4e70379217c6/jackson-module-parameter-names-2.9.4.jar:/Users/usuario/.gradle/caches/modules-2/files-2.1/com.fasterxml.jackson.core/jackson-databind/2.9.4/498bbc3b94f566982c7f7c6d4d303fce365529be/jackson-databind-2.9.4.jar:/Users/usuario/.gradle/caches/modules-2/files-2.1/javax.validation/validation-api/2.0.1.Final/cb855558e6271b1b32e716d24cb85c7f583ce09e/validation-api-2.0.1.Final.jar:/Users/usuario/.gradle/caches/modules-2/files-2.1/org.jboss.logging/jboss-logging/3.3.1.Final/c46217ab74b532568c0ed31dc599db3048bd1b67/jboss-logging-3.3.1.Final.jar:/Users/usuario/.gradle/caches/modules-2/files-2.1/com.fasterxml/classmate/1.3.4/3d5f48f10bbe4eb7bd862f10c0583be2e0053c6/classmate-1.3.4.jar:/Users/usuario/.gradle/caches/modules-2/files-2.1/net.minidev/json-smart/2.3/7396407491352ce4fa30de92efb158adb76b5b/json-smart-2.3.jar:/Users/usuario/.gradle/caches/modules-2/files-2.1/net.bytebuddy/byte-buddy/1.7.9/51218a01a882c04d0aba8c028179cce488bbcb58/byte-buddy-1.7.9.jar:/Users/usuario/.gradle/caches/modules-2/files-2.1/net.bytebuddy/byte-buddy-agent/1.7.9/a6c65f9da7f467ee1f02ff2841ffd3155aee2fc9/byte-buddy-agent-1.7.9.jar:/Users/usuario/.gradle/caches/modules-2/files-2.1/org.objenesis/objenesis/2.6/639033469776fd37c08358c6b92a4761feb2af4b/objenesis-2.6.jar:/Users/usuario/.gradle/caches/modules-2/files-2.1/com.vaadin.external.google/android-json/0.0.20131108.vaadin1/fa26d351fe62a6a17f5cda1287c1c6110dec413f/android-json-0.0.20131108.vaadin1.jar:/Users/usuario/.gradle/caches/modules-2/files-2.1/org.springframework/spring-jcl/5.0.3.RELEASE/855919d50380ed6f0ccee7b8d6789f4febdb6660/spring-jcl-5.0.3.RELEASE.jar:/Users/usuario/.gradle/caches/modules-2/files-2.1/com.fasterxml.jackson.core/jackson-annotations/2.9.0/7c10d545325e3a6e72e06381afe469fd40eb701/jackson-annotations-2.9.0.jar:/Users/usuario/.gradle/caches/modules-2/files-2.1/com.fasterxml.jackson.core/jackson-core/2.9.4/a9a71ec1aa37da47db168fede9a4a5fb5e374320/jackson-core-2.9.4.jar:/Users/usuario/.gradle/caches/modules-2/files-2.1/io.netty/netty-handler-proxy/4.1.20.Final/7c32216f081bada9142b78e1d428d4e1750dc207/netty-handler-proxy-4.1.20.Final.jar:/Users/usuario/.gradle/caches/modules-2/files-2.1/io.netty/netty-codec-http/4.1.20.Final/5f45dca168c6161ff156be3f5d8f1eb60e160bd9/netty-codec-http-4.1.20.Final.jar:/Users/usuario/.gradle/caches/modules-2/files-2.1/io.netty/netty-handler/4.1.20.Final/e8e548c1a032adb40d9ea785b0bccccc2df54e13/netty-handler-4.1.20.Final.jar:/Users/usuario/.gradle/caches/modules-2/files-2.1/io.netty/netty-transport-native-epoll/4.1.20.Final/a4d2caa35c7a5ba9c45ca81770852384934aeb60/netty-transport-native-epoll-4.1.20.Final.jar:/Users/usuario/.gradle/caches/modules-2/files-2.1/net.minidev/accessors-smart/1.2/c592b500269bfde36096641b01238a8350f8aa31/accessors-smart-1.2.jar:/Users/usuario/.gradle/caches/modules-2/files-2.1/ch.qos.logback/logback-core/1.2.3/864344400c3d4d92dfeb0a305dc87d953677c03c/logback-core-1.2.3.jar:/Users/usuario/.gradle/caches/modules-2/files-2.1/org.apache.logging.log4j/log4j-api/2.10.0/fec5797a55b786184a537abd39c3fa1449d752d6/log4j-api-2.10.0.jar:/Users/usuario/.gradle/caches/modules-2/files-2.1/io.netty/netty-codec-socks/4.1.20.Final/7dddd0c26b1bac90b2249c4c0c8f153e864c4432/netty-codec-socks-4.1.20.Final.jar:/Users/usuario/.gradle/caches/modules-2/files-2.1/io.netty/netty-codec/4.1.20.Final/285cec1c043c84d571ae286d87a809d72917eea7/netty-codec-4.1.20.Final.jar:/Users/usuario/.gradle/caches/modules-2/files-2.1/io.netty/netty-transport-native-unix-common/4.1.20.Final/1b1d5858b9d008d264de45eef597f8064d34da79/netty-transport-native-unix-common-4.1.20.Final.jar:/Users/usuario/.gradle/caches/modules-2/files-2.1/io.netty/netty-transport/4.1.20.Final/77c8a5294261758dbca7b7928b2ebc02658f2feb/netty-transport-4.1.20.Final.jar:/Users/usuario/.gradle/caches/modules-2/files-2.1/io.netty/netty-buffer/4.1.20.Final/e277a521cda3997c322e6c761aa09bc9b1eaa43a/netty-buffer-4.1.20.Final.jar:/Users/usuario/.gradle/caches/modules-2/files-2.1/io.netty/netty-resolver/4.1.20.Final/27aad5a68e183a0215b5d66b3bfd47a315ec4ca7/netty-resolver-4.1.20.Final.jar:/Users/usuario/.gradle/caches/modules-2/files-2.1/io.netty/netty-common/4.1.20.Final/705196810d01600478731b52817739dbeaa9df61/netty-common-4.1.20.Final.jar:/Users/usuario/.gradle/caches/modules-2/files-2.1/org.ow2.asm/asm/5.0.4/da08b8cce7bbf903602a25a3a163ae252435795/asm-5.0.4.jar:/Users/usuario/.gradle/caches/modules-2/files-2.1/commons-io/commons-io/2.4/b1b6ea3b7e4aa4f492509a4952029cd8e48019ad/commons-io-2.4.jar:/Users/usuario/.gradle/caches/modules-2/files-2.1/org.apache.commons/commons-lang3/3.7/557edd918fd41f9260963583ebf5a61a43a6b423/commons-lang3-3.7.jar:/Users/usuario/.gradle/caches/modules-2/files-2.1/net.java.dev.jna/jna-platform/4.5.1/117d52c9f672d8b7ea80a81464c33ef843de9254/jna-platform-4.5.1.jar:/Users/usuario/.gradle/caches/modules-2/files-2.1/net.java.dev.jna/jna/4.5.1/65bd0cacc9c79a21c6ed8e9f588577cd3c2f85b9/jna-4.5.1.jar:/Users/usuario/.gradle/caches/modules-2/files-2.1/org.apache.commons/commons-compress/1.10/5eeb27c57eece1faf2d837868aeccc94d84dcc9a/commons-compress-1.10.jar, user.name=usuario, java.vm.specification.version=1.8, sun.java.command=worker.org.gradle.process.internal.worker.GradleWorkerMain 'Gradle Test Executor 2', java.home=/Library/Java/JavaVirtualMachines/jdk1.8.0_131.jdk/Contents/Home/jre, sun.arch.data.model=64, user.language=es, java.specification.vendor=Oracle Corporation, awt.toolkit=sun.lwawt.macosx.LWCToolkit, java.vm.info=mixed mode, java.version=1.8.0_131, java.ext.dirs=/Users/usuario/Library/Java/Extensions:/Library/Java/JavaVirtualMachines/jdk1.8.0_131.jdk/Contents/Home/jre/lib/ext:/Library/Java/Extensions:/Network/Library/Java/Extensions:/System/Library/Java/Extensions:/usr/lib/java, sun.boot.class.path=/Library/Java/JavaVirtualMachines/jdk1.8.0_131.jdk/Contents/Home/jre/lib/resources.jar:/Library/Java/JavaVirtualMachines/jdk1.8.0_131.jdk/Contents/Home/jre/lib/rt.jar:/Library/Java/JavaVirtualMachines/jdk1.8.0_131.jdk/Contents/Home/jre/lib/sunrsasign.jar:/Library/Java/JavaVirtualMachines/jdk1.8.0_131.jdk/Contents/Home/jre/lib/jsse.jar:/Library/Java/JavaVirtualMachines/jdk1.8.0_131.jdk/Contents/Home/jre/lib/jce.jar:/Library/Java/JavaVirtualMachines/jdk1.8.0_131.jdk/Contents/Home/jre/lib/charsets.jar:/Library/Java/JavaVirtualMachines/jdk1.8.0_131.jdk/Contents/Home/jre/lib/jfr.jar:/Library/Java/JavaVirtualMachines/jdk1.8.0_131.jdk/Contents/Home/jre/classes, java.vendor=Oracle Corporation, org.gradle.test.worker=2, file.separator=/, java.vendor.url.bug=http://bugreport.sun.com/bugreport/, sun.io.unicode.encoding=UnicodeBig, sun.cpu.endian=little, socksNonProxyHosts=local|*.local|169.254/16|*.169.254/16, ftp.nonProxyHosts=local|*.local|169.254/16|*.169.254/16, sun.cpu.isalist=}}, SystemEnvironmentPropertySource@1199466951 {name='systemEnvironment', properties={PATH=/Users/usuario/.rbenv/shims:/usr/local/share/android-sdk/platform-tools:/usr/local/share/android-sdk/tools:/usr/local/bin:/usr/bin:/bin:/usr/sbin:/sbin:/Applications/Wireshark.app/Contents/MacOS:/Users/usuario/.rvm/bin, _system_arch=x86_64, rvm_bin_path=/Users/usuario/.rvm/bin, RBENV_SHELL=bash, rvm_prefix=/Users/usuario, ANDROID_HOME=/usr/local/share/android-sdk, PS1=\[\033[0;97m\]\u:\[\033[0;94m\]\W\[\033[0;97m\] $\[\033[0m\] , VERSIONER_PYTHON_VERSION=2.7, LOGNAME=usuario, rvm_version=1.29.2 (latest), XPC_SERVICE_NAME=com.jetbrains.intellij.ce.3416, JAVA_MAIN_CLASS_6021=worker.org.gradle.process.internal.worker.GradleWorkerMain, SHELL=/bin/bash, _system_type=Darwin, LSCOLORS=gxbxcxdxfxexcxbxbxdxdx, _system_version=10.13, VERSIONER_PYTHON_PREFER_32_BIT=no, CLICOLOR=1, USER=usuario, rvm_path=/Users/usuario/.rvm, TMPDIR=/var/folders/1w/6nctytxj57gbq7dvg4_bzwrh0000gn/T/, SSH_AUTH_SOCK=/private/tmp/com.apple.launchd.P8H2HmbPOS/Listeners, XPC_FLAGS=0x0, _system_name=OSX, __CF_USER_TEXT_ENCODING=0x1F5:0x0:0x8, Apple_PubSub_Socket_Render=/private/tmp/com.apple.launchd.SSOwDKkJNF/Render, LC_CTYPE=es_CO.UTF-8, HOME=/Users/usuario}}]
21:49:42.107 [Test worker] DEBUG org.springframework.test.context.support.TestPropertySourceUtils - Adding inlined properties to environment: {spring.jmx.enabled=false, org.springframework.boot.test.context.SpringBootTestContextBootstrapper=true, server.port=-1}
21:49:42.111 [Test worker] DEBUG org.springframework.core.env.StandardEnvironment - Adding PropertySource 'Inlined Test Properties' with highest search precedence

  .   ____          _            __ _ _
 /\\ / ___'_ __ _ _(_)_ __  __ _ \ \ \ \
( ( )\___ | '_ | '_| | '_ \/ _` | \ \ \ \
 \\/  ___)| |_)| | | | | || (_| |  ) ) ) )
  '  |____| .__|_| |_|_| |_\__, | / / / /
 =========|_|==============|___/=/_/_/_/
 :: Spring Boot ::  (v2.0.0.BUILD-SNAPSHOT)

2018-02-08 21:49:42.972  INFO 6021 --- [    Test worker] c.ceiba.parking.ParkingApplicationTests  : Starting ParkingApplicationTests on MacBook-Air-de-usuario.local with PID 6021 (started by usuario in /Users/usuario/Downloads/Parking)
2018-02-08 21:49:42.975  INFO 6021 --- [    Test worker] c.ceiba.parking.ParkingApplicationTests  : No active profile set, falling back to default profiles: default
2018-02-08 21:49:43.097  INFO 6021 --- [    Test worker] r.c.GenericReactiveWebApplicationContext : Refreshing org.springframework.boot.web.reactive.context.GenericReactiveWebApplicationContext@63c8a52d: startup date [Thu Feb 08 21:49:43 COT 2018]; root of context hierarchy
2018-02-08 21:49:46.082  INFO 6021 --- [       Thread-8] o.s.b.a.mongo.embedded.EmbeddedMongo     : note: noprealloc may hurt performance in many applications
2018-02-08 21:49:46.105  INFO 6021 --- [       Thread-8] o.s.b.a.mongo.embedded.EmbeddedMongo     : 2018-02-08T21:49:46.104-0500 I CONTROL  [initandlisten] MongoDB starting : pid=6022 port=27017 dbpath=/var/folders/1w/6nctytxj57gbq7dvg4_bzwrh0000gn/T/embedmongo-db-eb07a79b-bfec-4001-bebc-bf4c27668856 64-bit host=MacBook-Air-de-usuario.local
2018-02-08 21:49:46.106  INFO 6021 --- [       Thread-8] o.s.b.a.mongo.embedded.EmbeddedMongo     : 2018-02-08T21:49:46.105-0500 I CONTROL  [initandlisten] db version v3.2.2
2018-02-08 21:49:46.107  INFO 6021 --- [       Thread-8] o.s.b.a.mongo.embedded.EmbeddedMongo     : 2018-02-08T21:49:46.105-0500 I CONTROL  [initandlisten] git version: 6e71d0d568e134c029203593b00a0103e7cdf30b
2018-02-08 21:49:46.107  INFO 6021 --- [       Thread-8] o.s.b.a.mongo.embedded.EmbeddedMongo     : 2018-02-08T21:49:46.105-0500 I CONTROL  [initandlisten] allocator: system
2018-02-08 21:49:46.108  INFO 6021 --- [       Thread-8] o.s.b.a.mongo.embedded.EmbeddedMongo     : 2018-02-08T21:49:46.105-0500 I CONTROL  [initandlisten] modules: none
2018-02-08 21:49:46.109  INFO 6021 --- [       Thread-8] o.s.b.a.mongo.embedded.EmbeddedMongo     : 2018-02-08T21:49:46.105-0500 I CONTROL  [initandlisten] build environment:
2018-02-08 21:49:46.110  INFO 6021 --- [       Thread-8] o.s.b.a.mongo.embedded.EmbeddedMongo     : 2018-02-08T21:49:46.105-0500 I CONTROL  [initandlisten]     distarch: x86_64
2018-02-08 21:49:46.111  INFO 6021 --- [       Thread-8] o.s.b.a.mongo.embedded.EmbeddedMongo     : 2018-02-08T21:49:46.105-0500 I CONTROL  [initandlisten]     target_arch: x86_64
2018-02-08 21:49:46.111  INFO 6021 --- [       Thread-8] o.s.b.a.mongo.embedded.EmbeddedMongo     : 2018-02-08T21:49:46.105-0500 I CONTROL  [initandlisten] options: { net: { bindIp: "127.0.0.1", http: { enabled: false }, port: 27017 }, security: { authorization: "disabled" }, storage: { dbPath: "/var/folders/1w/6nctytxj57gbq7dvg4_bzwrh0000gn/T/embedmongo-db-eb07a79b-bfec-4001-bebc-bf4c27668856", journal: { enabled: false }, mmapv1: { preallocDataFiles: false, smallFiles: true }, syncPeriodSecs: 0.0 } }
2018-02-08 21:49:46.112  INFO 6021 --- [       Thread-8] o.s.b.a.mongo.embedded.EmbeddedMongo     : 2018-02-08T21:49:46.107-0500 I STORAGE  [initandlisten] wiredtiger_open config: create,cache_size=4G,session_max=20000,eviction=(threads_max=4),config_base=false,statistics=(fast),log=(enabled=true,archive=true,path=journal,compressor=snappy),file_manager=(close_idle_time=100000),checkpoint=(wait=0,log_size=2GB),statistics_log=(wait=0),,log=(enabled=false),
2018-02-08 21:49:46.433  INFO 6021 --- [       Thread-8] o.s.b.a.mongo.embedded.EmbeddedMongo     : 2018-02-08T21:49:46.433-0500 W STORAGE  [initandlisten] Detected configuration for non-active storage engine mmapv1 when current storage engine is wiredTiger
2018-02-08 21:49:46.435  INFO 6021 --- [       Thread-8] o.s.b.a.mongo.embedded.EmbeddedMongo     : 2018-02-08T21:49:46.435-0500 I NETWORK  [HostnameCanonicalizationWorker] Starting hostname canonicalization worker
2018-02-08 21:49:46.437  INFO 6021 --- [       Thread-8] o.s.b.a.mongo.embedded.EmbeddedMongo     : 2018-02-08T21:49:46.437-0500 I FTDC     [initandlisten] Initializing full-time diagnostic data capture with directory '/var/folders/1w/6nctytxj57gbq7dvg4_bzwrh0000gn/T/embedmongo-db-eb07a79b-bfec-4001-bebc-bf4c27668856/diagnostic.data'
2018-02-08 21:49:46.558  INFO 6021 --- [       Thread-8] o.s.b.a.mongo.embedded.EmbeddedMongo     : 2018-02-08T21:49:46.558-0500 I NETWORK  [initandlisten] waiting for connections on port 27017
2018-02-08 21:49:46.559  INFO 6021 --- [    Test worker] d.f.embed.process.runtime.Executable     : start de.flapdoodle.embed.mongo.config.MongodConfigBuilder$ImmutableMongodConfig@5df49606
2018-02-08 21:49:47.145  INFO 6021 --- [    Test worker] org.mongodb.driver.cluster               : Cluster created with settings {hosts=[localhost:27017], mode=MULTIPLE, requiredClusterType=UNKNOWN, serverSelectionTimeout='30000 ms', maxWaitQueueSize=500}
2018-02-08 21:49:47.145  INFO 6021 --- [    Test worker] org.mongodb.driver.cluster               : Adding discovered server localhost:27017 to client view of cluster
2018-02-08 21:49:47.404  INFO 6021 --- [       Thread-8] o.s.b.a.mongo.embedded.EmbeddedMongo     : 2018-02-08T21:49:47.404-0500 I NETWORK  [initandlisten] connection accepted from 127.0.0.1:64804 #1 (1 connection now open)
2018-02-08 21:49:47.607  INFO 6021 --- [localhost:27017] org.mongodb.driver.connection            : Opened connection [connectionId{localValue:1, serverValue:1}] to localhost:27017
2018-02-08 21:49:47.617  INFO 6021 --- [localhost:27017] org.mongodb.driver.cluster               : Monitor thread successfully connected to server with description ServerDescription{address=localhost:27017, type=STANDALONE, state=CONNECTED, ok=true, version=ServerVersion{versionList=[3, 2, 2]}, minWireVersion=0, maxWireVersion=4, maxDocumentSize=16777216, logicalSessionTimeoutMinutes=null, roundTripTimeNanos=7182466}
2018-02-08 21:49:47.620  INFO 6021 --- [localhost:27017] org.mongodb.driver.cluster               : Discovered cluster type of STANDALONE
2018-02-08 21:49:47.720  INFO 6021 --- [    Test worker] org.mongodb.driver.cluster               : Cluster created with settings {hosts=[localhost:27017], mode=MULTIPLE, requiredClusterType=UNKNOWN, serverSelectionTimeout='30000 ms', maxWaitQueueSize=500}
2018-02-08 21:49:47.721  INFO 6021 --- [    Test worker] org.mongodb.driver.cluster               : Adding discovered server localhost:27017 to client view of cluster
2018-02-08 21:49:47.733  INFO 6021 --- [       Thread-8] o.s.b.a.mongo.embedded.EmbeddedMongo     : 2018-02-08T21:49:47.732-0500 I NETWORK  [initandlisten] connection accepted from 127.0.0.1:64805 #2 (2 connections now open)
2018-02-08 21:49:47.753  INFO 6021 --- [localhost:27017] org.mongodb.driver.connection            : Opened connection [connectionId{localValue:2, serverValue:2}] to localhost:27017
2018-02-08 21:49:47.755  INFO 6021 --- [localhost:27017] org.mongodb.driver.cluster               : Monitor thread successfully connected to server with description ServerDescription{address=localhost:27017, type=STANDALONE, state=CONNECTED, ok=true, version=ServerVersion{versionList=[3, 2, 2]}, minWireVersion=0, maxWireVersion=4, maxDocumentSize=16777216, logicalSessionTimeoutMinutes=null, roundTripTimeNanos=1523925}
2018-02-08 21:49:47.756  INFO 6021 --- [localhost:27017] org.mongodb.driver.cluster               : Discovered cluster type of STANDALONE
2018-02-08 21:49:49.168  INFO 6021 --- [    Test worker] s.w.r.r.m.a.RequestMappingHandlerMapping : Mapped "{[/api/cars],methods=[GET]}" onto reactor.core.publisher.Flux<com.ceiba.parking.domain.ParkingTicket> com.ceiba.parking.controllers.CarController.list()
2018-02-08 21:49:49.172  INFO 6021 --- [    Test worker] s.w.r.r.m.a.RequestMappingHandlerMapping : Mapped "{[/api/cars/{id}],methods=[GET]}" onto reactor.core.publisher.Mono<com.ceiba.parking.domain.ParkingTicket> com.ceiba.parking.controllers.CarController.getById(java.lang.String)
2018-02-08 21:49:49.173  INFO 6021 --- [    Test worker] s.w.r.r.m.a.RequestMappingHandlerMapping : Mapped "{[/api/cars/{id}],methods=[PUT]}" onto reactor.core.publisher.Mono<com.ceiba.parking.domain.ParkingTicket> com.ceiba.parking.controllers.CarController.outCar(java.lang.String,com.ceiba.parking.domain.ParkingTicket)
2018-02-08 21:49:49.176  INFO 6021 --- [    Test worker] s.w.r.r.m.a.RequestMappingHandlerMapping : Mapped "{[/api/cars],methods=[POST]}" onto reactor.core.publisher.Mono<com.ceiba.parking.domain.ParkingTicket> com.ceiba.parking.controllers.CarController.enterCar(com.ceiba.parking.domain.Car)
2018-02-08 21:49:49.179  INFO 6021 --- [    Test worker] s.w.r.r.m.a.RequestMappingHandlerMapping : Mapped "{[/api/motorcycles],methods=[POST]}" onto reactor.core.publisher.Mono<com.ceiba.parking.domain.ParkingTicket> com.ceiba.parking.controllers.MotorcycleController.createMotorcycle(com.ceiba.parking.domain.Motorcycle)
2018-02-08 21:49:49.186  INFO 6021 --- [    Test worker] s.w.r.r.m.a.RequestMappingHandlerMapping : Mapped "{[/api/motorcycles/{id}],methods=[PUT]}" onto reactor.core.publisher.Mono<com.ceiba.parking.domain.ParkingTicket> com.ceiba.parking.controllers.MotorcycleController.outMotorcycle(java.lang.String,com.ceiba.parking.domain.ParkingTicket)
2018-02-08 21:49:49.223  INFO 6021 --- [    Test worker] o.s.w.r.handler.SimpleUrlHandlerMapping  : Mapped URL path [/webjars/**] onto handler of type [class org.springframework.web.reactive.resource.ResourceWebHandler]
2018-02-08 21:49:49.223  INFO 6021 --- [    Test worker] o.s.w.r.handler.SimpleUrlHandlerMapping  : Mapped URL path [/**] onto handler of type [class org.springframework.web.reactive.resource.ResourceWebHandler]
2018-02-08 21:49:49.305  INFO 6021 --- [    Test worker] o.s.w.r.r.m.a.ControllerMethodResolver   : Looking for @ControllerAdvice: org.springframework.boot.web.reactive.context.GenericReactiveWebApplicationContext@63c8a52d: startup date [Thu Feb 08 21:49:43 COT 2018]; root of context hierarchy
2018-02-08 21:49:49.591  INFO 6021 --- [       Thread-8] o.s.b.a.mongo.embedded.EmbeddedMongo     : 2018-02-08T21:49:49.591-0500 I NETWORK  [initandlisten] connection accepted from 127.0.0.1:64806 #3 (3 connections now open)
2018-02-08 21:49:49.815  INFO 6021 --- [    Test worker] c.ceiba.parking.ParkingApplicationTests  : Started ParkingApplicationTests in 7.678 seconds (JVM running for 12.758)
2018-02-08 21:49:49.942  INFO 6021 --- [       Thread-8] o.s.b.a.mongo.embedded.EmbeddedMongo     : 2018-02-08T21:49:49.942-0500 I NETWORK  [initandlisten] connection accepted from 127.0.0.1:64807 #4 (4 connections now open)
2018-02-08 21:49:49.974  INFO 6021 --- [ntLoopGroup-2-2] org.mongodb.driver.connection            : Opened connection [connectionId{localValue:3, serverValue:4}] to localhost:27017
2018-02-08 21:49:50.215  INFO 6021 --- [       Thread-8] o.s.b.a.mongo.embedded.EmbeddedMongo     : 2018-02-08T21:49:50.214-0500 I COMMAND  [conn4] command test.parkingTicket command: insert { insert: "parkingTicket", ordered: true, documents: [ { _id: ObjectId('5a7d0c4e4747c01785e04ee6'), license: "SED12", vehicleType: "CAR", dateArrive: "08-feb-2018 21:49:49", dateOut: "08-feb-2018 21:49:49", totalHours: 0, valueToPay: 5000, car: { license: "SED12", type: "CAR", isParking: true }, _class: "com.ceiba.parking.domain.ParkingTicket" } ] } ninserted:1 keyUpdates:0 writeConflicts:0 numYields:0 reslen:40 locks:{ Global: { acquireCount: { r: 2, w: 2 } }, Database: { acquireCount: { w: 1, W: 1 } }, Collection: { acquireCount: { W: 1 } } } protocol:op_query 139ms
2018-02-08 21:49:50.591  INFO 6021 --- [       Thread-8] o.s.b.a.mongo.embedded.EmbeddedMongo     : 2018-02-08T21:49:50.591-0500 I NETWORK  [initandlisten] connection accepted from 127.0.0.1:64808 #5 (5 connections now open)
]]></system-out>
  <system-err><![CDATA[#### LOADING DATA ON BOOTSTRAP #####
]]></system-err>
</testsuite>
