<?xml version="1.0" encoding="UTF-8"?>
<testsuite name="com.ceiba.parking.services.CalculatorParkingGuardTest" tests="5" skipped="0" failures="0" errors="0" timestamp="2018-02-12T19:22:18" hostname="DAYANA-PINEDA" time="0.003">
  <properties/>
  <testcase name="calculateValueToPayForACar" classname="com.ceiba.parking.services.CalculatorParkingGuardTest" time="0.0"/>
  <testcase name="getCountHoursWithExtrasMinutes" classname="com.ceiba.parking.services.CalculatorParkingGuardTest" time="0.001"/>
  <testcase name="calculateValueToPayForAMotorcycleWithABiggerCC" classname="com.ceiba.parking.services.CalculatorParkingGuardTest" time="0.0"/>
  <testcase name="calculateValueToPayForAMotorcycleWithALessCC" classname="com.ceiba.parking.services.CalculatorParkingGuardTest" time="0.0"/>
  <testcase name="getCountHoursWithExactMinutes" classname="com.ceiba.parking.services.CalculatorParkingGuardTest" time="0.0"/>
  <system-out><![CDATA[]]></system-out>
  <system-err><![CDATA[]]></system-err>
</testsuite>
