<?xml version="1.0" encoding="UTF-8"?>
<testsuite name="com.ceiba.parking.domain.ParkingTicketTest" tests="1" skipped="0" failures="0" errors="0" timestamp="2018-02-21T19:52:17" hostname="DAYANA-PINEDA" time="0.0">
  <properties/>
  <testcase name="addVehicle" classname="com.ceiba.parking.domain.ParkingTicketTest" time="0.0"/>
  <system-out><![CDATA[]]></system-out>
  <system-err><![CDATA[]]></system-err>
</testsuite>
