<?xml version="1.0" encoding="UTF-8"?>
<testsuite name="com.ceiba.parking.services.CalendarGuardTest" tests="3" skipped="0" failures="0" errors="0" timestamp="2018-02-21T19:52:22" hostname="DAYANA-PINEDA" time="0.049">
  <properties/>
  <testcase name="convertStringDateToDateFormat" classname="com.ceiba.parking.services.CalendarGuardTest" time="0.048"/>
  <testcase name="getActualDate" classname="com.ceiba.parking.services.CalendarGuardTest" time="0.0"/>
  <testcase name="getActualWeekDay" classname="com.ceiba.parking.services.CalendarGuardTest" time="0.001"/>
  <system-out><![CDATA[]]></system-out>
  <system-err><![CDATA[]]></system-err>
</testsuite>
