<?xml version="1.0" encoding="UTF-8"?>
<testsuite name="com.ceiba.parking.domain.VehicleTest" tests="6" skipped="0" failures="0" errors="0" timestamp="2018-02-12T19:22:13" hostname="DAYANA-PINEDA" time="0.001">
  <properties/>
  <testcase name="getLicenseCar" classname="com.ceiba.parking.domain.VehicleTest" time="0.0"/>
  <testcase name="getTypeMotorcycle" classname="com.ceiba.parking.domain.VehicleTest" time="0.0"/>
  <testcase name="setLicense" classname="com.ceiba.parking.domain.VehicleTest" time="0.0"/>
  <testcase name="getLicenseMotorcycle" classname="com.ceiba.parking.domain.VehicleTest" time="0.001"/>
  <testcase name="getTypeCar" classname="com.ceiba.parking.domain.VehicleTest" time="0.0"/>
  <testcase name="setType" classname="com.ceiba.parking.domain.VehicleTest" time="0.0"/>
  <system-out><![CDATA[]]></system-out>
  <system-err><![CDATA[]]></system-err>
</testsuite>
