<?xml version="1.0" encoding="UTF-8"?>
<testsuite name="com.ceiba.parking.services.CalendarGuardTest" tests="1" skipped="0" failures="0" errors="0" timestamp="2018-02-07T18:04:18" hostname="DAYANA-PINEDA" time="0.154">
  <properties/>
  <testcase name="getActualDay" classname="com.ceiba.parking.services.CalendarGuardTest" time="0.154"/>
  <system-out><![CDATA[]]></system-out>
  <system-err><![CDATA[]]></system-err>
</testsuite>
